do_errors
r_exp  2.60024237
r_exp_dash  4.2696449
r_wp  19.0714449
r_wp_dash  31.3156566
r_p  14.1245505
r_p_dash  28.6912335
weighted_Durbin_Watson  0.0680488666
gof  7.33448739

xdd Ca2_Mn_Te_O6_raw.xy
x_calculation_step 0.002
LP_Factor(0)

	lam
		ymin_on_ymax  0.001
		la  1 lo 1.54056 lh 0.5

	bkg @  904.454079`_4.07151442 -386.597952`_7.04631888  407.466433`_6.17524421 -288.886377`_5.92999371  136.33374`_4.84106566 -58.2525781`_4.80002696
	start_X 5.00
	finish_X 140.00
	
	str
		local !CIF_PHASE_ID 1
		a lp1  5.492938`_0.000146
		b lp2  5.658324`_0.000144
		c lp3  9.580183`_0.000254
		al 90.      
		be 125.12442780     
		ga 90.      
		phase_name Ca2MnTeO6
		volume  243.539`_0.011
		scale @  0.00285682217`_1.377e-005
		space_group 14
  		site Ca0  x  0.74854  y y1  0.44950`_0.00059 z 0.23562  occ Ca 1
  		site Mn1  x  0.50000  y  0.00000  z  0.00000  occ Mn 1
  		site Te2  x  0.00000  y  0.00000  z  0.50000  occ Te 1
  		site O3  x  0.78808  y  0.76344  z  0.05120 occ O  1
  		site O4  x   0.78808 y  0.23656 z  0.05120 occ O  1
  		site O5  x   0.64326 y 0.00000 z  0.23714 occ O  1
 		view_structure

		TCHZ_Peak_Type(@, 0.26761`_0.00993,@,-0.26972`_0.00977,@, 0.02979`_0.00160,, 0,@, 0.13159`_0.00443,, 0)
C_matrix_normalized
{
                             1   2   3   4   5   6   7   8   9  10  11  12  13  14  15
bkg23203584            1:  100 -18  60 -17  38 -12   1  -1   1 -30   6  11 -11   9 -22
bkg23203840            2:  -18 100 -24  67 -18  41   1   0  -1  -8   0  -2   1  -1   0
bkg23204864            3:   60 -24 100 -20  57 -13  -0   1  -1  10  -4  -5   5  -4  12
bkg23204096            4:  -17  67 -20 100 -12  56   1  -1   1  -5   3   6  -5   5  -9
bkg23204352            5:   38 -18  57 -12 100  -8   0   1  -1   6  -3  -1   1  -2   5
bkg23207424            6:  -12  41 -13  56  -8 100   1  -0  -0   4  -1   2  -2   3   1
lp1                    7:    1   1  -0   1   0   1 100 -35  -6  -2  -1   8  -9   9  -2
lp2                    8:   -1   0   1  -1   1  -0 -35 100 -23   1  -2  -3   3  -3   0
lp3                    9:    1  -1  -1   1  -1  -0  -6 -23 100  -2   1  -6   7  -8  -3
scale20956736_        10:  -30  -8  10  -5   6   4  -2   1  -2 100  -8 -20  21 -16  42
y1                    11:    6   0  -4   3  -3  -1  -1  -2   1  -8 100  -0   1  -0   0
m66aa39d0_0           12:   11  -2  -5   6  -1   2   8  -3  -6 -20  -0 100 -97  91 -63
m66aa39d0_1           13:  -11   1   5  -5   1  -2  -9   3   7  21   1 -97 100 -97  65
m66aa39d0_2           14:    9  -1  -4   5  -2   3   9  -3  -8 -16  -0  91 -97 100 -52
m66aa39d0_3           15:  -22   0  12  -9   5   1  -2   0  -3  42   0 -63  65 -52 100
}
Out_pdCIF(Ca2MnTeO6.cif)
Out_FCF(Ca2MnTeO6.fcf)